# JRE version: OpenJDK Runtime Environment Temurin-21.0.10+7 (21.0.10+7) (build 21.0.10+7-LTS)
# Java VM: OpenJDK 64-Bit Server VM Temurin-21.0.10+7 (21.0.10+7-LTS, mixed mode, sharing, tiered, compressed oops, compressed class ptrs, parallel gc, windows-amd64)
GC Precious Log:
 CardTable entry size: 512
 CPUs: 12 total, 12 available
 Memory: 8013M
 Large Page Support: Disabled
 NUMA Support: Disabled
 Compressed Oops: Enabled (32-bit)
 Alignments: Space 512K, Generation 512K, Heap 2M
 Heap Min Capacity: 100M
 Heap Initial Capacity: 100M
 Heap Max Capacity: 2G
 Pre-touch: Disabled
 Parallel Workers: 10
Heap:
 PSYoungGen      total 4096K, used 2715K [0x00000000d5580000, 0x00000000d5b80000, 0x0000000100000000)
  eden space 3584K, 70% used [0x00000000d5580000,0x00000000d57f6f50,0x00000000d5900000)
  from space 512K, 37% used [0x00000000d5b00000,0x00000000d5b30000,0x00000000d5b80000)
  to   space 512K, 0% used [0x00000000d5a80000,0x00000000d5a80000,0x00000000d5b00000)
 ParOldGen       total 666112K, used 665662K [0x0000000080000000, 0x00000000a8a80000, 0x00000000d5580000)
  object space 666112K, 99% used [0x0000000080000000,0x00000000a8a0f870,0x00000000a8a80000)
 Metaspace       used 87921K, committed 89600K, reserved 1179648K
  class space    used 8549K, committed 9344K, reserved 1048576K
GC Heap History (20 events):
Event: 24828.952 GC heap before
{Heap before GC invocations=10939 (full 10):
 PSYoungGen      total 2048K, used 1664K [0x00000000d5580000, 0x00000000d5a80000, 0x0000000100000000)
  eden space 1024K, 100% used [0x00000000d5580000,0x00000000d5680000,0x00000000d5680000)
  from space 1024K, 62% used [0x00000000d5980000,0x00000000d5a20000,0x00000000d5a80000)
  to   space 1024K, 0% used [0x00000000d5880000,0x00000000d5880000,0x00000000d5980000)
 ParOldGen       total 655360K, used 655129K [0x0000000080000000, 0x00000000a8000000, 0x00000000d5580000)
  object space 655360K, 99% used [0x0000000080000000,0x00000000a7fc6608,0x00000000a8000000)
 Metaspace       used 87917K, committed 89600K, reserved 1179648K
  class space    used 8549K, committed 9344K, reserved 1048576K
}
Event: 24828.962 GC heap after
{Heap after GC invocations=10939 (full 10):
 PSYoungGen      total 2560K, used 992K [0x00000000d5580000, 0x00000000d5a00000, 0x0000000100000000)
  eden space 1536K, 0% used [0x00000000d5580000,0x00000000d5580000,0x00000000d5700000)
  from space 1024K, 96% used [0x00000000d5880000,0x00000000d5978000,0x00000000d5980000)
  to   space 512K, 0% used [0x00000000d5980000,0x00000000d5980000,0x00000000d5a00000)
 ParOldGen       total 655872K, used 655577K [0x0000000080000000, 0x00000000a8080000, 0x00000000d5580000)
  object space 655872K, 99% used [0x0000000080000000,0x00000000a8036608,0x00000000a8080000)
 Metaspace       used 87917K, committed 89600K, reserved 1179648K
  class space    used 8549K, committed 9344K, reserved 1048576K
}
Event: 24828.987 GC heap before
{Heap before GC invocations=10940 (full 10):
 PSYoungGen      total 2560K, used 2528K [0x00000000d5580000, 0x00000000d5a00000, 0x0000000100000000)
  eden space 1536K, 100% used [0x00000000d5580000,0x00000000d5700000,0x00000000d5700000)
  from space 1024K, 96% used [0x00000000d5880000,0x00000000d5978000,0x00000000d5980000)
  to   space 512K, 0% used [0x00000000d5980000,0x00000000d5980000,0x00000000d5a00000)
 ParOldGen       total 655872K, used 655577K [0x0000000080000000, 0x00000000a8080000, 0x00000000d5580000)
  object space 655872K, 99% used [0x0000000080000000,0x00000000a8036608,0x00000000a8080000)
 Metaspace       used 87917K, committed 89600K, reserved 1179648K
  class space    used 8549K, committed 9344K, reserved 1048576K
}
Event: 24828.999 GC heap after
{Heap after GC invocations=10940 (full 10):
 PSYoungGen      total 2560K, used 496K [0x00000000d5580000, 0x00000000d5b80000, 0x0000000100000000)
  eden space 2048K, 0% used [0x00000000d5580000,0x00000000d5580000,0x00000000d5780000)
  from space 512K, 96% used [0x00000000d5980000,0x00000000d59fc000,0x00000000d5a00000)
  to   space 2048K, 0% used [0x00000000d5780000,0x00000000d5780000,0x00000000d5980000)
 ParOldGen       total 657408K, used 656937K [0x0000000080000000, 0x00000000a8200000, 0x00000000d5580000)
  object space 657408K, 99% used [0x0000000080000000,0x00000000a818a608,0x00000000a8200000)
 Metaspace       used 87917K, committed 89600K, reserved 1179648K
  class space    used 8549K, committed 9344K, reserved 1048576K
}
Event: 24829.089 GC heap before
{Heap before GC invocations=10941 (full 10):
 PSYoungGen      total 2560K, used 2544K [0x00000000d5580000, 0x00000000d5b80000, 0x0000000100000000)
  eden space 2048K, 100% used [0x00000000d5580000,0x00000000d5780000,0x00000000d5780000)
  from space 512K, 96% used [0x00000000d5980000,0x00000000d59fc000,0x00000000d5a00000)
  to   space 2048K, 0% used [0x00000000d5780000,0x00000000d5780000,0x00000000d5980000)
 ParOldGen       total 657408K, used 656937K [0x0000000080000000, 0x00000000a8200000, 0x00000000d5580000)
  object space 657408K, 99% used [0x0000000080000000,0x00000000a818a608,0x00000000a8200000)
 Metaspace       used 87917K, committed 89600K, reserved 1179648K
  class space    used 8549K, committed 9344K, reserved 1048576K
}
Event: 24829.100 GC heap after
{Heap after GC invocations=10941 (full 10):
 PSYoungGen      total 4096K, used 2017K [0x00000000d5580000, 0x00000000d5d00000, 0x0000000100000000)
  eden space 2048K, 0% used [0x00000000d5580000,0x00000000d5580000,0x00000000d5780000)
  from space 2048K, 98% used [0x00000000d5780000,0x00000000d5978440,0x00000000d5980000)
  to   space 2560K, 0% used [0x00000000d5a80000,0x00000000d5a80000,0x00000000d5d00000)
 ParOldGen       total 657408K, used 657129K [0x0000000080000000, 0x00000000a8200000, 0x00000000d5580000)
  object space 657408K, 99% used [0x0000000080000000,0x00000000a81ba608,0x00000000a8200000)
 Metaspace       used 87917K, committed 89600K, reserved 1179648K
  class space    used 8549K, committed 9344K, reserved 1048576K
}
Event: 24829.123 GC heap before
{Heap before GC invocations=10942 (full 10):
 PSYoungGen      total 4096K, used 4065K [0x00000000d5580000, 0x00000000d5d00000, 0x0000000100000000)
  eden space 2048K, 100% used [0x00000000d5580000,0x00000000d5780000,0x00000000d5780000)
  from space 2048K, 98% used [0x00000000d5780000,0x00000000d5978440,0x00000000d5980000)
  to   space 2560K, 0% used [0x00000000d5a80000,0x00000000d5a80000,0x00000000d5d00000)
 ParOldGen       total 657408K, used 657129K [0x0000000080000000, 0x00000000a8200000, 0x00000000d5580000)
  object space 657408K, 99% used [0x0000000080000000,0x00000000a81ba608,0x00000000a8200000)
 Metaspace       used 87917K, committed 89600K, reserved 1179648K
  class space    used 8549K, committed 9344K, reserved 1048576K
}
Event: 24829.135 GC heap after
{Heap after GC invocations=10942 (full 10):
 PSYoungGen      total 5120K, used 2112K [0x00000000d5580000, 0x00000000d5d00000, 0x0000000100000000)
  eden space 2560K, 0% used [0x00000000d5580000,0x00000000d5580000,0x00000000d5800000)
  from space 2560K, 82% used [0x00000000d5a80000,0x00000000d5c90000,0x00000000d5d00000)
  to   space 2560K, 0% used [0x00000000d5800000,0x00000000d5800000,0x00000000d5a80000)
 ParOldGen       total 659456K, used 659026K [0x0000000080000000, 0x00000000a8400000, 0x00000000d5580000)
  object space 659456K, 99% used [0x0000000080000000,0x00000000a8394a48,0x00000000a8400000)
 Metaspace       used 87917K, committed 89600K, reserved 1179648K
  class space    used 8549K, committed 9344K, reserved 1048576K
}
Event: 24829.175 GC heap before
{Heap before GC invocations=10943 (full 10):
 PSYoungGen      total 5120K, used 4548K [0x00000000d5580000, 0x00000000d5d00000, 0x0000000100000000)
  eden space 2560K, 95% used [0x00000000d5580000,0x00000000d57e10e8,0x00000000d5800000)
  from space 2560K, 82% used [0x00000000d5a80000,0x00000000d5c90000,0x00000000d5d00000)
  to   space 2560K, 0% used [0x00000000d5800000,0x00000000d5800000,0x00000000d5a80000)
 ParOldGen       total 659456K, used 659026K [0x0000000080000000, 0x00000000a8400000, 0x00000000d5580000)
  object space 659456K, 99% used [0x0000000080000000,0x00000000a8394a48,0x00000000a8400000)
 Metaspace       used 87917K, committed 89600K, reserved 1179648K
  class space    used 8549K, committed 9344K, reserved 1048576K
}
Event: 24829.192 GC heap after
{Heap after GC invocations=10943 (full 10):
 PSYoungGen      total 5120K, used 2256K [0x00000000d5580000, 0x00000000d5d80000, 0x0000000100000000)
  eden space 2560K, 0% used [0x00000000d5580000,0x00000000d5580000,0x00000000d5800000)
  from space 2560K, 88% used [0x00000000d5800000,0x00000000d5a34000,0x00000000d5a80000)
  to   space 2560K, 0% used [0x00000000d5b00000,0x00000000d5b00000,0x00000000d5d80000)
 ParOldGen       total 661504K, used 661090K [0x0000000080000000, 0x00000000a8600000, 0x00000000d5580000)
  object space 661504K, 99% used [0x0000000080000000,0x00000000a8598a48,0x00000000a8600000)
 Metaspace       used 87917K, committed 89600K, reserved 1179648K
  class space    used 8549K, committed 9344K, reserved 1048576K
}
Event: 24829.309 GC heap before
{Heap before GC invocations=10944 (full 10):
 PSYoungGen      total 5120K, used 4809K [0x00000000d5580000, 0x00000000d5d80000, 0x0000000100000000)
  eden space 2560K, 99% used [0x00000000d5580000,0x00000000d57fe7c8,0x00000000d5800000)
  from space 2560K, 88% used [0x00000000d5800000,0x00000000d5a34000,0x00000000d5a80000)
  to   space 2560K, 0% used [0x00000000d5b00000,0x00000000d5b00000,0x00000000d5d80000)
 ParOldGen       total 661504K, used 661090K [0x0000000080000000, 0x00000000a8600000, 0x00000000d5580000)
  object space 661504K, 99% used [0x0000000080000000,0x00000000a8598a48,0x00000000a8600000)
 Metaspace       used 87917K, committed 89600K, reserved 1179648K
  class space    used 8549K, committed 9344K, reserved 1048576K
}
Event: 24829.320 GC heap after
{Heap after GC invocations=10944 (full 10):
 PSYoungGen      total 5120K, used 1692K [0x00000000d5580000, 0x00000000d5d00000, 0x0000000100000000)
  eden space 3072K, 0% used [0x00000000d5580000,0x00000000d5580000,0x00000000d5880000)
  from space 2048K, 82% used [0x00000000d5b00000,0x00000000d5ca7348,0x00000000d5d00000)
  to   space 2048K, 0% used [0x00000000d5900000,0x00000000d5900000,0x00000000d5b00000)
 ParOldGen       total 663040K, used 662962K [0x0000000080000000, 0x00000000a8780000, 0x00000000d5580000)
  object space 663040K, 99% used [0x0000000080000000,0x00000000a876ca48,0x00000000a8780000)
 Metaspace       used 87917K, committed 89600K, reserved 1179648K
  class space    used 8549K, committed 9344K, reserved 1048576K
}
Event: 24829.343 GC heap before
{Heap before GC invocations=10945 (full 10):
 PSYoungGen      total 5120K, used 4764K [0x00000000d5580000, 0x00000000d5d00000, 0x0000000100000000)
  eden space 3072K, 100% used [0x00000000d5580000,0x00000000d5880000,0x00000000d5880000)
  from space 2048K, 82% used [0x00000000d5b00000,0x00000000d5ca7348,0x00000000d5d00000)
  to   space 2048K, 0% used [0x00000000d5900000,0x00000000d5900000,0x00000000d5b00000)
 ParOldGen       total 663040K, used 662962K [0x0000000080000000, 0x00000000a8780000, 0x00000000d5580000)
  object space 663040K, 99% used [0x0000000080000000,0x00000000a876ca48,0x00000000a8780000)
 Metaspace       used 87917K, committed 89600K, reserved 1179648K
  class space    used 8549K, committed 9344K, reserved 1048576K
}
Event: 24829.351 GC heap after
{Heap after GC invocations=10945 (full 10):
 PSYoungGen      total 5632K, used 640K [0x00000000d5580000, 0x00000000d5c80000, 0x0000000100000000)
  eden space 3584K, 0% used [0x00000000d5580000,0x00000000d5580000,0x00000000d5900000)
  from space 2048K, 31% used [0x00000000d5900000,0x00000000d59a0000,0x00000000d5b00000)
  to   space 1536K, 0% used [0x00000000d5b00000,0x00000000d5b00000,0x00000000d5c80000)
 ParOldGen       total 665088K, used 664609K [0x0000000080000000, 0x00000000a8980000, 0x00000000d5580000)
  object space 665088K, 99% used [0x0000000080000000,0x00000000a89085f0,0x00000000a8980000)
 Metaspace       used 87917K, committed 89600K, reserved 1179648K
  class space    used 8549K, committed 9344K, reserved 1048576K
}
Event: 24829.556 GC heap before
{Heap before GC invocations=10946 (full 10):
 PSYoungGen      total 5632K, used 4224K [0x00000000d5580000, 0x00000000d5c80000, 0x0000000100000000)
  eden space 3584K, 100% used [0x00000000d5580000,0x00000000d5900000,0x00000000d5900000)
  from space 2048K, 31% used [0x00000000d5900000,0x00000000d59a0000,0x00000000d5b00000)
  to   space 1536K, 0% used [0x00000000d5b00000,0x00000000d5b00000,0x00000000d5c80000)
 ParOldGen       total 665088K, used 664609K [0x0000000080000000, 0x00000000a8980000, 0x00000000d5580000)
  object space 665088K, 99% used [0x0000000080000000,0x00000000a89085f0,0x00000000a8980000)
 Metaspace       used 87917K, committed 89600K, reserved 1179648K
  class space    used 8549K, committed 9344K, reserved 1048576K
}
Event: 24829.564 GC heap after
{Heap after GC invocations=10946 (full 10):
 PSYoungGen      total 4096K, used 512K [0x00000000d5580000, 0x00000000d5b80000, 0x0000000100000000)
  eden space 3584K, 0% used [0x00000000d5580000,0x00000000d5580000,0x00000000d5900000)
  from space 512K, 100% used [0x00000000d5b00000,0x00000000d5b80000,0x00000000d5b80000)
  to   space 1024K, 0% used [0x00000000d5980000,0x00000000d5980000,0x00000000d5a80000)
 ParOldGen       total 665600K, used 665145K [0x0000000080000000, 0x00000000a8a00000, 0x00000000d5580000)
  object space 665600K, 99% used [0x0000000080000000,0x00000000a898e5f0,0x00000000a8a00000)
 Metaspace       used 87917K, committed 89600K, reserved 1179648K
  class space    used 8549K, committed 9344K, reserved 1048576K
}
Event: 24829.756 GC heap before
{Heap before GC invocations=10947 (full 10):
 PSYoungGen      total 4096K, used 4096K [0x00000000d5580000, 0x00000000d5b80000, 0x0000000100000000)
  eden space 3584K, 100% used [0x00000000d5580000,0x00000000d5900000,0x00000000d5900000)
  from space 512K, 100% used [0x00000000d5b00000,0x00000000d5b80000,0x00000000d5b80000)
  to   space 1024K, 0% used [0x00000000d5980000,0x00000000d5980000,0x00000000d5a80000)
 ParOldGen       total 665600K, used 665145K [0x0000000080000000, 0x00000000a8a00000, 0x00000000d5580000)
  object space 665600K, 99% used [0x0000000080000000,0x00000000a898e5f0,0x00000000a8a00000)
 Metaspace       used 87917K, committed 89600K, reserved 1179648K
  class space    used 8549K, committed 9344K, reserved 1048576K
}
Event: 24829.765 GC heap after
{Heap after GC invocations=10947 (full 10):
 PSYoungGen      total 4608K, used 252K [0x00000000d5580000, 0x00000000d5b80000, 0x0000000100000000)
  eden space 3584K, 0% used [0x00000000d5580000,0x00000000d5580000,0x00000000d5900000)
  from space 1024K, 24% used [0x00000000d5980000,0x00000000d59bf280,0x00000000d5a80000)
  to   space 512K, 0% used [0x00000000d5b00000,0x00000000d5b00000,0x00000000d5b80000)
 ParOldGen       total 665600K, used 665497K [0x0000000080000000, 0x00000000a8a00000, 0x00000000d5580000)
  object space 665600K, 99% used [0x0000000080000000,0x00000000a89e65f0,0x00000000a8a00000)
 Metaspace       used 87917K, committed 89600K, reserved 1179648K
  class space    used 8549K, committed 9344K, reserved 1048576K
}
Event: 24829.845 GC heap before
{Heap before GC invocations=10948 (full 10):
 PSYoungGen      total 4608K, used 3836K [0x00000000d5580000, 0x00000000d5b80000, 0x0000000100000000)
  eden space 3584K, 100% used [0x00000000d5580000,0x00000000d5900000,0x00000000d5900000)
  from space 1024K, 24% used [0x00000000d5980000,0x00000000d59bf280,0x00000000d5a80000)
  to   space 512K, 0% used [0x00000000d5b00000,0x00000000d5b00000,0x00000000d5b80000)
 ParOldGen       total 665600K, used 665497K [0x0000000080000000, 0x00000000a8a00000, 0x00000000d5580000)
  object space 665600K, 99% used [0x0000000080000000,0x00000000a89e65f0,0x00000000a8a00000)
 Metaspace       used 87917K, committed 89600K, reserved 1179648K
  class space    used 8549K, committed 9344K, reserved 1048576K
}
Event: 24829.858 GC heap after
{Heap after GC invocations=10948 (full 10):
 PSYoungGen      total 4096K, used 192K [0x00000000d5580000, 0x00000000d5b80000, 0x0000000100000000)
  eden space 3584K, 0% used [0x00000000d5580000,0x00000000d5580000,0x00000000d5900000)
  from space 512K, 37% used [0x00000000d5b00000,0x00000000d5b30000,0x00000000d5b80000)
  to   space 512K, 0% used [0x00000000d5a80000,0x00000000d5a80000,0x00000000d5b00000)
 ParOldGen       total 666112K, used 665662K [0x0000000080000000, 0x00000000a8a80000, 0x00000000d5580000)
  object space 666112K, 99% used [0x0000000080000000,0x00000000a8a0f870,0x00000000a8a80000)
 Metaspace       used 87917K, committed 89600K, reserved 1179648K
  class space    used 8549K, committed 9344K, reserved 1048576K
}

